11:18:33 DEBUG : Logs will be stored at '/home/ej3b/readoutsys/rtos_sys/rtos_sys.sw/IDE.log'.
11:18:34 INFO  : Platform repository initialization has completed.
11:18:34 INFO  : Launching XSCT server: xsct -n  -interactive /home/ej3b/readoutsys/rtos_sys/rtos_sys.sw/temp_xsdb_launch_script.tcl
11:18:34 INFO  : Registering command handlers for Vitis TCF services
11:18:36 INFO  : XSCT server has started successfully.
11:18:36 INFO  : plnx-install-location is set to ''
11:18:36 INFO  : Successfully done setting XSCT server connection channel  
11:18:36 INFO  : Successfully done query RDI_DATADIR 
11:18:36 INFO  : Successfully done setting workspace for the tool. 
11:19:57 INFO  : Result from executing command 'getProjects': rtos_sys_wrapper
11:19:57 INFO  : Result from executing command 'getPlatforms': 
11:19:57 WARN  : An unexpected exception occurred in the module 'platform project logging'
11:19:57 INFO  : Platform 'rtos_sys_wrapper' is added to custom repositories.
11:20:03 INFO  : Platform 'rtos_sys_wrapper' is added to custom repositories.
11:33:18 INFO  : Result from executing command 'getProjects': rtos_sys_wrapper
11:33:18 INFO  : Result from executing command 'getPlatforms': rtos_sys_wrapper|/home/ej3b/readoutsys/rtos_sys/rtos_sys.sw/rtos_sys_wrapper/export/rtos_sys_wrapper/rtos_sys_wrapper.xpfm
11:33:21 INFO  : Checking for BSP changes to sync application flags for project 'readout'...
11:45:37 INFO  : Connected to target on host '127.0.0.1' and port '3121'.
11:45:55 INFO  : ----------------XSDB Script----------------
connect -url tcp:127.0.0.1:3121
----------------End of Script----------------

11:45:55 ERROR : Could not find ARM device on the board for connection 'Local'.
Check if the target is in:
1. Split JTAG - No operations are possible with ARM DAP.
2. Non JTAG bootmode - Bootrom may need time to enable DAP.
Please try again.


Troubleshooting hints:
1. Check whether board is connected to system properly.
2. In case of zynq board, check whether Digilent/Xilinx cable switch settings are correct.
3. If you are using Xilinx Platform Cable USB, ensure that status LED is green.
11:50:00 INFO  : Connected to target on host '127.0.0.1' and port '3121'.
11:50:00 INFO  : Jtag cable 'Digilent Cora Z7 - 7007S 210370BCADD2A' is selected.
11:50:00 INFO  : 'jtag frequency' command is executed.
11:50:00 INFO  : Context for 'APU' is selected.
11:50:00 INFO  : System reset is completed.
11:50:03 INFO  : 'after 3000' command is executed.
11:50:03 INFO  : 'targets -set -filter {jtag_cable_name =~ "Digilent Cora Z7 - 7007S 210370BCADD2A" && level==0 && jtag_device_ctx=="jsn-Cora Z7 - 7007S-210370BCADD2A-13723093-0"}' command is executed.
11:50:05 INFO  : Device configured successfully with "/home/ej3b/readoutsys/rtos_sys/rtos_sys.sw/readout/_ide/bitstream/rtos_sys_wrapper.bit"
11:50:05 INFO  : Context for 'APU' is selected.
11:50:05 INFO  : Hardware design and registers information is loaded from '/home/ej3b/readoutsys/rtos_sys/rtos_sys.sw/rtos_sys_wrapper/export/rtos_sys_wrapper/hw/rtos_sys_wrapper.xsa'.
11:50:05 INFO  : 'configparams force-mem-access 1' command is executed.
11:50:05 INFO  : Context for 'APU' is selected.
11:50:05 INFO  : Sourcing of '/home/ej3b/readoutsys/rtos_sys/rtos_sys.sw/readout/_ide/psinit/ps7_init.tcl' is done.
11:50:05 INFO  : 'ps7_init' command is executed.
11:50:05 INFO  : 'ps7_post_config' command is executed.
11:50:05 INFO  : Context for processor 'ps7_cortexa9_0' is selected.
11:50:06 INFO  : The application '/home/ej3b/readoutsys/rtos_sys/rtos_sys.sw/readout/Debug/readout.elf' is downloaded to processor 'ps7_cortexa9_0'.
11:50:06 INFO  : 'configparams force-mem-access 0' command is executed.
11:50:06 INFO  : ----------------XSDB Script----------------
connect -url tcp:127.0.0.1:3121
targets -set -nocase -filter {name =~"APU*"}
rst -system
after 3000
targets -set -filter {jtag_cable_name =~ "Digilent Cora Z7 - 7007S 210370BCADD2A" && level==0 && jtag_device_ctx=="jsn-Cora Z7 - 7007S-210370BCADD2A-13723093-0"}
fpga -file /home/ej3b/readoutsys/rtos_sys/rtos_sys.sw/readout/_ide/bitstream/rtos_sys_wrapper.bit
targets -set -nocase -filter {name =~"APU*"}
loadhw -hw /home/ej3b/readoutsys/rtos_sys/rtos_sys.sw/rtos_sys_wrapper/export/rtos_sys_wrapper/hw/rtos_sys_wrapper.xsa -mem-ranges [list {0x40000000 0xbfffffff}] -regs
configparams force-mem-access 1
targets -set -nocase -filter {name =~"APU*"}
source /home/ej3b/readoutsys/rtos_sys/rtos_sys.sw/readout/_ide/psinit/ps7_init.tcl
ps7_init
ps7_post_config
targets -set -nocase -filter {name =~ "*A9*#0"}
dow /home/ej3b/readoutsys/rtos_sys/rtos_sys.sw/readout/Debug/readout.elf
configparams force-mem-access 0
----------------End of Script----------------

11:50:06 INFO  : Context for processor 'ps7_cortexa9_0' is selected.
11:50:06 INFO  : 'con' command is executed.
11:50:06 INFO  : ----------------XSDB Script (After Launch)----------------
targets -set -nocase -filter {name =~ "*A9*#0"}
con
----------------End of Script----------------

11:50:06 INFO  : Launch script is exported to file '/home/ej3b/readoutsys/rtos_sys/rtos_sys.sw/readout_system/_ide/scripts/debugger_readout-default.tcl'
11:51:43 ERROR : Error occurred while generating bsp sources for the domain 'freertos10_xilinx_ps7_cortexa9_0'.
11:52:03 INFO  : No changes in MSS file content so sources will not be generated.
11:59:25 INFO  : Checking for BSP changes to sync application flags for project 'readout'...
11:59:25 INFO  : Result from executing command 'getProjects': RemoteSystemsTempFiles;readout;readout_system;rtos_sys_wrapper
11:59:25 WARN  : Failed to closehw "/home/ej3b/readoutsys/rtos_sys/rtos_sys.sw/rtos_sys_wrapper/export/rtos_sys_wrapper/hw/rtos_sys_wrapper.xsa"
Reason: /home/ej3b/readoutsys/rtos_sys/rtos_sys.sw/rtos_sys_wrapper/export/rtos_sys_wrapper/hw/rtos_sys_wrapper.xsa is not available in the current workspace
use 'getprojects' command to see list of available projects in current workspace
11:59:25 INFO  : Result from executing command 'getProjects': RemoteSystemsTempFiles;readout;readout_system;rtos_sys_wrapper
11:59:25 ERROR : Failed to openhw "/home/ej3b/readoutsys/rtos_sys/rtos_sys.sw/rtos_sys_wrapper/export/rtos_sys_wrapper/hw/rtos_sys_wrapper.xsa"
Reason: /home/ej3b/readoutsys/rtos_sys/rtos_sys.sw/rtos_sys_wrapper/export/rtos_sys_wrapper/hw/rtos_sys_wrapper.xsa is not available in the current workspace
use 'getprojects' command to see list of available projects in current workspace
11:59:25 ERROR : Failed to update application flags from BSP for 'readout'. Reason: null
java.lang.NullPointerException: null
	at com.xilinx.sdx.sw.internal.SDxSwPlatform.<init>(SDxSwPlatform.java:305) ~[com.xilinx.sdx.sw_1.0.0.202411031917.jar:?]
	at com.xilinx.sdx.sw.internal.SDxSwPlatform.create(SDxSwPlatform.java:214) ~[com.xilinx.sdx.sw_1.0.0.202411031917.jar:?]
	at com.xilinx.sdx.sdk.core.util.SdkPlatformHelper.getSwPlatform(SdkPlatformHelper.java:64) ~[com.xilinx.sdx.sdk.core_1.0.0.202411031917.jar:?]
	at com.xilinx.sdx.sdk.core.build.SdkMakefileGenerationListener.getSwPlatform(SdkMakefileGenerationListener.java:160) ~[com.xilinx.sdx.sdk.core_1.0.0.202411031917.jar:?]
	at com.xilinx.sdx.sdk.core.build.SdkMakefileGenerationListener.syncAppFlags(SdkMakefileGenerationListener.java:78) [com.xilinx.sdx.sdk.core_1.0.0.202411031917.jar:?]
	at com.xilinx.sdx.sdk.core.build.SdkMakefileGenerationListener.preMakefileGeneration(SdkMakefileGenerationListener.java:48) [com.xilinx.sdx.sdk.core_1.0.0.202411031917.jar:?]
	at com.xilinx.sdk.managedbuilder.XilinxGnuMakefileGenerator.notifyPreMakefileGenerationListeners(XilinxGnuMakefileGenerator.java:91) [com.xilinx.sdk.managedbuilder_1.0.0.202411031917.jar:?]
	at com.xilinx.sdk.managedbuilder.XilinxGnuMakefileGenerator.generateMakefiles(XilinxGnuMakefileGenerator.java:40) [com.xilinx.sdk.managedbuilder_1.0.0.202411031917.jar:?]
	at org.eclipse.cdt.managedbuilder.internal.core.CommonBuilder.performMakefileGeneration(CommonBuilder.java:1008) [org.eclipse.cdt.managedbuilder.core_8.6.0.201802261533.jar:?]
	at org.eclipse.cdt.managedbuilder.internal.core.CommonBuilder.performPrebuildGeneration(CommonBuilder.java:873) [org.eclipse.cdt.managedbuilder.core_8.6.0.201802261533.jar:?]
	at org.eclipse.cdt.managedbuilder.internal.core.CommonBuilder.build(CommonBuilder.java:748) [org.eclipse.cdt.managedbuilder.core_8.6.0.201802261533.jar:?]
	at org.eclipse.cdt.managedbuilder.internal.core.CommonBuilder.build(CommonBuilder.java:510) [org.eclipse.cdt.managedbuilder.core_8.6.0.201802261533.jar:?]
	at org.eclipse.cdt.managedbuilder.internal.core.CommonBuilder.build(CommonBuilder.java:459) [org.eclipse.cdt.managedbuilder.core_8.6.0.201802261533.jar:?]
	at org.eclipse.core.internal.events.BuildManager$2.run(BuildManager.java:832) [org.eclipse.core.resources_3.13.700.v20200209-1624.jar:?]
	at org.eclipse.core.runtime.SafeRunner.run(SafeRunner.java:45) [org.eclipse.equinox.common_3.11.0.v20200206-0817.jar:?]
	at org.eclipse.core.internal.events.BuildManager.basicBuild(BuildManager.java:220) [org.eclipse.core.resources_3.13.700.v20200209-1624.jar:?]
	at org.eclipse.core.internal.events.BuildManager.basicBuild(BuildManager.java:263) [org.eclipse.core.resources_3.13.700.v20200209-1624.jar:?]
	at org.eclipse.core.internal.events.BuildManager$1.run(BuildManager.java:316) [org.eclipse.core.resources_3.13.700.v20200209-1624.jar:?]
	at org.eclipse.core.runtime.SafeRunner.run(SafeRunner.java:45) [org.eclipse.equinox.common_3.11.0.v20200206-0817.jar:?]
	at org.eclipse.core.internal.events.BuildManager.basicBuild(BuildManager.java:319) [org.eclipse.core.resources_3.13.700.v20200209-1624.jar:?]
	at org.eclipse.core.internal.events.BuildManager.basicBuildLoop(BuildManager.java:371) [org.eclipse.core.resources_3.13.700.v20200209-1624.jar:?]
	at org.eclipse.core.internal.events.BuildManager.build(BuildManager.java:392) [org.eclipse.core.resources_3.13.700.v20200209-1624.jar:?]
	at org.eclipse.core.internal.resources.Workspace.buildInternal(Workspace.java:515) [org.eclipse.core.resources_3.13.700.v20200209-1624.jar:?]
	at org.eclipse.core.internal.resources.Workspace.build(Workspace.java:412) [org.eclipse.core.resources_3.13.700.v20200209-1624.jar:?]
	at org.eclipse.ui.actions.BuildAction$1.runInWorkspace(BuildAction.java:291) [org.eclipse.ui.ide_3.17.0.v20200217-1511.jar:?]
	at org.eclipse.core.internal.resources.InternalWorkspaceJob.run(InternalWorkspaceJob.java:42) [org.eclipse.core.resources_3.13.700.v20200209-1624.jar:?]
	at org.eclipse.core.internal.jobs.Worker.run(Worker.java:63) [org.eclipse.core.jobs_3.10.700.v20200106-1020.jar:?]
11:59:26 ERROR : Failed to compute checksum of hardware specification file used by project 'readout'
11:59:26 INFO  : Result from executing command 'getProjects': RemoteSystemsTempFiles;readout;readout_system;rtos_sys_wrapper
11:59:26 ERROR : Failed to openhw "/home/ej3b/readoutsys/rtos_sys/rtos_sys.sw/rtos_sys_wrapper/export/rtos_sys_wrapper/hw/rtos_sys_wrapper.xsa"
Reason: /home/ej3b/readoutsys/rtos_sys/rtos_sys.sw/rtos_sys_wrapper/export/rtos_sys_wrapper/hw/rtos_sys_wrapper.xsa is not available in the current workspace
use 'getprojects' command to see list of available projects in current workspace
11:59:26 INFO  : Result from executing command 'getProjects': RemoteSystemsTempFiles;readout;readout_system;rtos_sys_wrapper
11:59:26 ERROR : Failed to openhw "/home/ej3b/readoutsys/rtos_sys/rtos_sys.sw/rtos_sys_wrapper/export/rtos_sys_wrapper/hw/rtos_sys_wrapper.xsa"
Reason: /home/ej3b/readoutsys/rtos_sys/rtos_sys.sw/rtos_sys_wrapper/export/rtos_sys_wrapper/hw/rtos_sys_wrapper.xsa is not available in the current workspace
use 'getprojects' command to see list of available projects in current workspace
11:59:26 INFO  : Result from executing command 'getProjects': RemoteSystemsTempFiles;readout;readout_system;rtos_sys_wrapper
11:59:26 ERROR : Failed to openhw "/home/ej3b/readoutsys/rtos_sys/rtos_sys.sw/rtos_sys_wrapper/export/rtos_sys_wrapper/hw/rtos_sys_wrapper.xsa"
Reason: /home/ej3b/readoutsys/rtos_sys/rtos_sys.sw/rtos_sys_wrapper/export/rtos_sys_wrapper/hw/rtos_sys_wrapper.xsa is not available in the current workspace
use 'getprojects' command to see list of available projects in current workspace
12:02:08 INFO  : Checking for BSP changes to sync application flags for project 'readout'...
12:02:08 INFO  : Result from executing command 'getProjects': RemoteSystemsTempFiles;readout;readout_system;rtos_sys_wrapper
12:02:08 ERROR : Failed to openhw "/home/ej3b/readoutsys/rtos_sys/rtos_sys.sw/rtos_sys_wrapper/export/rtos_sys_wrapper/hw/rtos_sys_wrapper.xsa"
Reason: /home/ej3b/readoutsys/rtos_sys/rtos_sys.sw/rtos_sys_wrapper/export/rtos_sys_wrapper/hw/rtos_sys_wrapper.xsa is not available in the current workspace
use 'getprojects' command to see list of available projects in current workspace
12:02:08 ERROR : Failed to update application flags from BSP for 'readout'. Reason: null
java.lang.NullPointerException: null
	at com.xilinx.sdx.sw.internal.SDxSwPlatform.<init>(SDxSwPlatform.java:305) ~[com.xilinx.sdx.sw_1.0.0.202411031917.jar:?]
	at com.xilinx.sdx.sw.internal.SDxSwPlatform.create(SDxSwPlatform.java:214) ~[com.xilinx.sdx.sw_1.0.0.202411031917.jar:?]
	at com.xilinx.sdx.sdk.core.util.SdkPlatformHelper.getSwPlatform(SdkPlatformHelper.java:64) ~[com.xilinx.sdx.sdk.core_1.0.0.202411031917.jar:?]
	at com.xilinx.sdx.sdk.core.build.SdkMakefileGenerationListener.getSwPlatform(SdkMakefileGenerationListener.java:160) ~[com.xilinx.sdx.sdk.core_1.0.0.202411031917.jar:?]
	at com.xilinx.sdx.sdk.core.build.SdkMakefileGenerationListener.syncAppFlags(SdkMakefileGenerationListener.java:78) [com.xilinx.sdx.sdk.core_1.0.0.202411031917.jar:?]
	at com.xilinx.sdx.sdk.core.build.SdkMakefileGenerationListener.preMakefileGeneration(SdkMakefileGenerationListener.java:48) [com.xilinx.sdx.sdk.core_1.0.0.202411031917.jar:?]
	at com.xilinx.sdk.managedbuilder.XilinxGnuMakefileGenerator.notifyPreMakefileGenerationListeners(XilinxGnuMakefileGenerator.java:91) [com.xilinx.sdk.managedbuilder_1.0.0.202411031917.jar:?]
	at com.xilinx.sdk.managedbuilder.XilinxGnuMakefileGenerator.generateMakefiles(XilinxGnuMakefileGenerator.java:40) [com.xilinx.sdk.managedbuilder_1.0.0.202411031917.jar:?]
	at org.eclipse.cdt.managedbuilder.internal.core.CommonBuilder.performMakefileGeneration(CommonBuilder.java:1008) [org.eclipse.cdt.managedbuilder.core_8.6.0.201802261533.jar:?]
	at org.eclipse.cdt.managedbuilder.internal.core.CommonBuilder.performPrebuildGeneration(CommonBuilder.java:873) [org.eclipse.cdt.managedbuilder.core_8.6.0.201802261533.jar:?]
	at org.eclipse.cdt.managedbuilder.internal.core.CommonBuilder.build(CommonBuilder.java:748) [org.eclipse.cdt.managedbuilder.core_8.6.0.201802261533.jar:?]
	at org.eclipse.cdt.managedbuilder.internal.core.CommonBuilder.build(CommonBuilder.java:510) [org.eclipse.cdt.managedbuilder.core_8.6.0.201802261533.jar:?]
	at org.eclipse.cdt.managedbuilder.internal.core.CommonBuilder.build(CommonBuilder.java:459) [org.eclipse.cdt.managedbuilder.core_8.6.0.201802261533.jar:?]
	at org.eclipse.core.internal.events.BuildManager$2.run(BuildManager.java:832) [org.eclipse.core.resources_3.13.700.v20200209-1624.jar:?]
	at org.eclipse.core.runtime.SafeRunner.run(SafeRunner.java:45) [org.eclipse.equinox.common_3.11.0.v20200206-0817.jar:?]
	at org.eclipse.core.internal.events.BuildManager.basicBuild(BuildManager.java:220) [org.eclipse.core.resources_3.13.700.v20200209-1624.jar:?]
	at org.eclipse.core.internal.events.BuildManager.basicBuild(BuildManager.java:263) [org.eclipse.core.resources_3.13.700.v20200209-1624.jar:?]
	at org.eclipse.core.internal.events.BuildManager$1.run(BuildManager.java:316) [org.eclipse.core.resources_3.13.700.v20200209-1624.jar:?]
	at org.eclipse.core.runtime.SafeRunner.run(SafeRunner.java:45) [org.eclipse.equinox.common_3.11.0.v20200206-0817.jar:?]
	at org.eclipse.core.internal.events.BuildManager.basicBuild(BuildManager.java:319) [org.eclipse.core.resources_3.13.700.v20200209-1624.jar:?]
	at org.eclipse.core.internal.events.BuildManager.basicBuildLoop(BuildManager.java:371) [org.eclipse.core.resources_3.13.700.v20200209-1624.jar:?]
	at org.eclipse.core.internal.events.BuildManager.build(BuildManager.java:392) [org.eclipse.core.resources_3.13.700.v20200209-1624.jar:?]
	at org.eclipse.core.internal.resources.Workspace.buildInternal(Workspace.java:515) [org.eclipse.core.resources_3.13.700.v20200209-1624.jar:?]
	at org.eclipse.core.internal.resources.Workspace.build(Workspace.java:412) [org.eclipse.core.resources_3.13.700.v20200209-1624.jar:?]
	at org.eclipse.ui.actions.BuildAction$1.runInWorkspace(BuildAction.java:291) [org.eclipse.ui.ide_3.17.0.v20200217-1511.jar:?]
	at org.eclipse.core.internal.resources.InternalWorkspaceJob.run(InternalWorkspaceJob.java:42) [org.eclipse.core.resources_3.13.700.v20200209-1624.jar:?]
	at org.eclipse.core.internal.jobs.Worker.run(Worker.java:63) [org.eclipse.core.jobs_3.10.700.v20200106-1020.jar:?]
12:02:28 INFO  : Checking for BSP changes to sync application flags for project 'readout'...
12:02:28 INFO  : Result from executing command 'getProjects': RemoteSystemsTempFiles;readout;readout_system;rtos_sys_wrapper
12:02:28 ERROR : Failed to openhw "/home/ej3b/readoutsys/rtos_sys/rtos_sys.sw/rtos_sys_wrapper/export/rtos_sys_wrapper/hw/rtos_sys_wrapper.xsa"
Reason: /home/ej3b/readoutsys/rtos_sys/rtos_sys.sw/rtos_sys_wrapper/export/rtos_sys_wrapper/hw/rtos_sys_wrapper.xsa is not available in the current workspace
use 'getprojects' command to see list of available projects in current workspace
12:02:28 ERROR : Failed to update application flags from BSP for 'readout'. Reason: null
java.lang.NullPointerException: null
	at com.xilinx.sdx.sw.internal.SDxSwPlatform.<init>(SDxSwPlatform.java:305) ~[com.xilinx.sdx.sw_1.0.0.202411031917.jar:?]
	at com.xilinx.sdx.sw.internal.SDxSwPlatform.create(SDxSwPlatform.java:214) ~[com.xilinx.sdx.sw_1.0.0.202411031917.jar:?]
	at com.xilinx.sdx.sdk.core.util.SdkPlatformHelper.getSwPlatform(SdkPlatformHelper.java:64) ~[com.xilinx.sdx.sdk.core_1.0.0.202411031917.jar:?]
	at com.xilinx.sdx.sdk.core.build.SdkMakefileGenerationListener.getSwPlatform(SdkMakefileGenerationListener.java:160) ~[com.xilinx.sdx.sdk.core_1.0.0.202411031917.jar:?]
	at com.xilinx.sdx.sdk.core.build.SdkMakefileGenerationListener.syncAppFlags(SdkMakefileGenerationListener.java:78) [com.xilinx.sdx.sdk.core_1.0.0.202411031917.jar:?]
	at com.xilinx.sdx.sdk.core.build.SdkMakefileGenerationListener.preMakefileGeneration(SdkMakefileGenerationListener.java:48) [com.xilinx.sdx.sdk.core_1.0.0.202411031917.jar:?]
	at com.xilinx.sdk.managedbuilder.XilinxGnuMakefileGenerator.notifyPreMakefileGenerationListeners(XilinxGnuMakefileGenerator.java:91) [com.xilinx.sdk.managedbuilder_1.0.0.202411031917.jar:?]
	at com.xilinx.sdk.managedbuilder.XilinxGnuMakefileGenerator.generateMakefiles(XilinxGnuMakefileGenerator.java:40) [com.xilinx.sdk.managedbuilder_1.0.0.202411031917.jar:?]
	at org.eclipse.cdt.managedbuilder.internal.core.CommonBuilder.performMakefileGeneration(CommonBuilder.java:1008) [org.eclipse.cdt.managedbuilder.core_8.6.0.201802261533.jar:?]
	at org.eclipse.cdt.managedbuilder.internal.core.CommonBuilder.performPrebuildGeneration(CommonBuilder.java:873) [org.eclipse.cdt.managedbuilder.core_8.6.0.201802261533.jar:?]
	at org.eclipse.cdt.managedbuilder.internal.core.CommonBuilder.build(CommonBuilder.java:748) [org.eclipse.cdt.managedbuilder.core_8.6.0.201802261533.jar:?]
	at org.eclipse.cdt.managedbuilder.internal.core.CommonBuilder.build(CommonBuilder.java:510) [org.eclipse.cdt.managedbuilder.core_8.6.0.201802261533.jar:?]
	at org.eclipse.cdt.managedbuilder.internal.core.CommonBuilder.build(CommonBuilder.java:459) [org.eclipse.cdt.managedbuilder.core_8.6.0.201802261533.jar:?]
	at org.eclipse.core.internal.events.BuildManager$2.run(BuildManager.java:832) [org.eclipse.core.resources_3.13.700.v20200209-1624.jar:?]
	at org.eclipse.core.runtime.SafeRunner.run(SafeRunner.java:45) [org.eclipse.equinox.common_3.11.0.v20200206-0817.jar:?]
	at org.eclipse.core.internal.events.BuildManager.basicBuild(BuildManager.java:220) [org.eclipse.core.resources_3.13.700.v20200209-1624.jar:?]
	at org.eclipse.core.internal.events.BuildManager.basicBuild(BuildManager.java:263) [org.eclipse.core.resources_3.13.700.v20200209-1624.jar:?]
	at org.eclipse.core.internal.events.BuildManager$1.run(BuildManager.java:316) [org.eclipse.core.resources_3.13.700.v20200209-1624.jar:?]
	at org.eclipse.core.runtime.SafeRunner.run(SafeRunner.java:45) [org.eclipse.equinox.common_3.11.0.v20200206-0817.jar:?]
	at org.eclipse.core.internal.events.BuildManager.basicBuild(BuildManager.java:319) [org.eclipse.core.resources_3.13.700.v20200209-1624.jar:?]
	at org.eclipse.core.internal.events.BuildManager.basicBuildLoop(BuildManager.java:371) [org.eclipse.core.resources_3.13.700.v20200209-1624.jar:?]
	at org.eclipse.core.internal.events.BuildManager.build(BuildManager.java:392) [org.eclipse.core.resources_3.13.700.v20200209-1624.jar:?]
	at org.eclipse.core.internal.resources.Workspace.buildInternal(Workspace.java:515) [org.eclipse.core.resources_3.13.700.v20200209-1624.jar:?]
	at org.eclipse.core.internal.resources.Workspace.build(Workspace.java:412) [org.eclipse.core.resources_3.13.700.v20200209-1624.jar:?]
	at org.eclipse.ui.actions.BuildAction$1.runInWorkspace(BuildAction.java:291) [org.eclipse.ui.ide_3.17.0.v20200217-1511.jar:?]
	at org.eclipse.core.internal.resources.InternalWorkspaceJob.run(InternalWorkspaceJob.java:42) [org.eclipse.core.resources_3.13.700.v20200209-1624.jar:?]
	at org.eclipse.core.internal.jobs.Worker.run(Worker.java:63) [org.eclipse.core.jobs_3.10.700.v20200106-1020.jar:?]
12:02:29 ERROR : Failed to compute checksum of hardware specification file used by project 'readout'
12:02:29 INFO  : Result from executing command 'getProjects': RemoteSystemsTempFiles;readout;readout_system;rtos_sys_wrapper
12:02:29 ERROR : Failed to openhw "/home/ej3b/readoutsys/rtos_sys/rtos_sys.sw/rtos_sys_wrapper/export/rtos_sys_wrapper/hw/rtos_sys_wrapper.xsa"
Reason: /home/ej3b/readoutsys/rtos_sys/rtos_sys.sw/rtos_sys_wrapper/export/rtos_sys_wrapper/hw/rtos_sys_wrapper.xsa is not available in the current workspace
use 'getprojects' command to see list of available projects in current workspace
12:02:29 INFO  : Result from executing command 'getProjects': RemoteSystemsTempFiles;readout;readout_system;rtos_sys_wrapper
12:02:29 ERROR : Failed to openhw "/home/ej3b/readoutsys/rtos_sys/rtos_sys.sw/rtos_sys_wrapper/export/rtos_sys_wrapper/hw/rtos_sys_wrapper.xsa"
Reason: /home/ej3b/readoutsys/rtos_sys/rtos_sys.sw/rtos_sys_wrapper/export/rtos_sys_wrapper/hw/rtos_sys_wrapper.xsa is not available in the current workspace
use 'getprojects' command to see list of available projects in current workspace
12:02:29 INFO  : Result from executing command 'getProjects': RemoteSystemsTempFiles;readout;readout_system;rtos_sys_wrapper
12:02:29 ERROR : Failed to openhw "/home/ej3b/readoutsys/rtos_sys/rtos_sys.sw/rtos_sys_wrapper/export/rtos_sys_wrapper/hw/rtos_sys_wrapper.xsa"
Reason: /home/ej3b/readoutsys/rtos_sys/rtos_sys.sw/rtos_sys_wrapper/export/rtos_sys_wrapper/hw/rtos_sys_wrapper.xsa is not available in the current workspace
use 'getprojects' command to see list of available projects in current workspace
12:07:02 INFO  : Result from executing command 'getProjects': RemoteSystemsTempFiles;readout;readout_system;rtos_sys_wrapper
12:07:02 ERROR : Failed to openhw "/home/ej3b/readoutsys/rtos_sys/rtos_sys.sw/rtos_sys_wrapper/export/rtos_sys_wrapper/hw/rtos_sys_wrapper.xsa"
Reason: /home/ej3b/readoutsys/rtos_sys/rtos_sys.sw/rtos_sys_wrapper/export/rtos_sys_wrapper/hw/rtos_sys_wrapper.xsa is not available in the current workspace
use 'getprojects' command to see list of available projects in current workspace
12:08:00 INFO  : No changes in MSS file content so sources will not be generated.
12:08:20 INFO  : Result from executing command 'getProjects': rtos_sys_wrapper
12:08:20 INFO  : Result from executing command 'getPlatforms': rtos_sys_wrapper|/home/ej3b/readoutsys/rtos_sys/rtos_sys.sw/rtos_sys_wrapper/export/rtos_sys_wrapper/rtos_sys_wrapper.xpfm
12:08:40 ERROR : Error occurred while generating bsp sources for the domain 'freertos10_xilinx_ps7_cortexa9_0'.
12:09:17 INFO  : No changes in MSS file content so sources will not be generated.
12:09:44 INFO  : Result from executing command 'getProjects': rtos_sys_wrapper
12:09:44 INFO  : Result from executing command 'getPlatforms': rtos_sys_wrapper|/home/ej3b/readoutsys/rtos_sys/rtos_sys.sw/rtos_sys_wrapper/export/rtos_sys_wrapper/rtos_sys_wrapper.xpfm
12:13:38 ERROR : Error occurred while generating bsp sources for the domain 'freertos10_xilinx_ps7_cortexa9_0'.
12:14:06 INFO  : Result from executing command 'getProjects': rtos_sys_wrapper
12:14:06 INFO  : Result from executing command 'getPlatforms': rtos_sys_wrapper|/home/ej3b/readoutsys/rtos_sys/rtos_sys.sw/rtos_sys_wrapper/export/rtos_sys_wrapper/rtos_sys_wrapper.xpfm
12:19:09 INFO  : Checking for BSP changes to sync application flags for project 'readout'...
12:19:11 INFO  : Updating application flags with new BSP settings...
12:19:11 INFO  : Successfully updated application flags for project readout.
12:20:17 INFO  : Checking for BSP changes to sync application flags for project 'rtos_lwip'...
12:20:52 INFO  : Disconnected from the channel tcfchan#3.
12:20:53 INFO  : Connected to target on host '127.0.0.1' and port '3121'.
12:20:53 INFO  : Jtag cable 'Digilent Cora Z7 - 7007S 210370BCADD2A' is selected.
12:20:53 INFO  : 'jtag frequency' command is executed.
12:20:53 INFO  : Context for 'APU' is selected.
12:20:53 INFO  : System reset is completed.
12:20:56 INFO  : 'after 3000' command is executed.
12:20:56 INFO  : 'targets -set -filter {jtag_cable_name =~ "Digilent Cora Z7 - 7007S 210370BCADD2A" && level==0 && jtag_device_ctx=="jsn-Cora Z7 - 7007S-210370BCADD2A-13723093-0"}' command is executed.
12:20:57 INFO  : Device configured successfully with "/home/ej3b/readoutsys/rtos_sys/rtos_sys.sw/rtos_lwip/_ide/bitstream/rtos_sys_wrapper.bit"
12:20:58 INFO  : Context for 'APU' is selected.
12:20:58 INFO  : Hardware design and registers information is loaded from '/home/ej3b/readoutsys/rtos_sys/rtos_sys.sw/rtos_sys_wrapper/export/rtos_sys_wrapper/hw/rtos_sys_wrapper.xsa'.
12:20:58 INFO  : 'configparams force-mem-access 1' command is executed.
12:20:58 INFO  : Context for 'APU' is selected.
12:20:58 INFO  : Sourcing of '/home/ej3b/readoutsys/rtos_sys/rtos_sys.sw/rtos_lwip/_ide/psinit/ps7_init.tcl' is done.
12:20:58 INFO  : 'ps7_init' command is executed.
12:20:58 INFO  : 'ps7_post_config' command is executed.
12:20:58 INFO  : Context for processor 'ps7_cortexa9_0' is selected.
12:20:59 INFO  : The application '/home/ej3b/readoutsys/rtos_sys/rtos_sys.sw/rtos_lwip/Debug/rtos_lwip.elf' is downloaded to processor 'ps7_cortexa9_0'.
12:20:59 INFO  : 'configparams force-mem-access 0' command is executed.
12:20:59 INFO  : ----------------XSDB Script----------------
connect -url tcp:127.0.0.1:3121
targets -set -nocase -filter {name =~"APU*"}
rst -system
after 3000
targets -set -filter {jtag_cable_name =~ "Digilent Cora Z7 - 7007S 210370BCADD2A" && level==0 && jtag_device_ctx=="jsn-Cora Z7 - 7007S-210370BCADD2A-13723093-0"}
fpga -file /home/ej3b/readoutsys/rtos_sys/rtos_sys.sw/rtos_lwip/_ide/bitstream/rtos_sys_wrapper.bit
targets -set -nocase -filter {name =~"APU*"}
loadhw -hw /home/ej3b/readoutsys/rtos_sys/rtos_sys.sw/rtos_sys_wrapper/export/rtos_sys_wrapper/hw/rtos_sys_wrapper.xsa -mem-ranges [list {0x40000000 0xbfffffff}] -regs
configparams force-mem-access 1
targets -set -nocase -filter {name =~"APU*"}
source /home/ej3b/readoutsys/rtos_sys/rtos_sys.sw/rtos_lwip/_ide/psinit/ps7_init.tcl
ps7_init
ps7_post_config
targets -set -nocase -filter {name =~ "*A9*#0"}
dow /home/ej3b/readoutsys/rtos_sys/rtos_sys.sw/rtos_lwip/Debug/rtos_lwip.elf
configparams force-mem-access 0
----------------End of Script----------------

12:20:59 INFO  : Context for processor 'ps7_cortexa9_0' is selected.
12:20:59 INFO  : 'con' command is executed.
12:20:59 INFO  : ----------------XSDB Script (After Launch)----------------
targets -set -nocase -filter {name =~ "*A9*#0"}
con
----------------End of Script----------------

12:20:59 INFO  : Launch script is exported to file '/home/ej3b/readoutsys/rtos_sys/rtos_sys.sw/rtos_lwip_system/_ide/scripts/debugger_rtos_lwip-default.tcl'
12:29:08 INFO  : Disconnected from the channel tcfchan#18.
12:29:09 INFO  : Connected to target on host '127.0.0.1' and port '3121'.
12:29:19 INFO  : ----------------XSDB Script----------------
connect -url tcp:127.0.0.1:3121
----------------End of Script----------------

12:29:19 ERROR : Could not find FPGA device on the board for connection 'Local'.


Troubleshooting hints:
1. Check whether board is connected to system properly.
2. In case of zynq board, check whether Digilent/Xilinx cable switch settings are correct.
3. If you are using Xilinx Platform Cable USB, ensure that status LED is green.
12:29:25 INFO  : Connected to target on host '127.0.0.1' and port '3121'.
12:29:25 INFO  : Jtag cable 'Digilent Cora Z7 - 7007S 210370BCADD2A' is selected.
12:29:25 INFO  : 'jtag frequency' command is executed.
12:29:25 INFO  : Context for 'APU' is selected.
12:29:25 INFO  : System reset is completed.
12:29:28 INFO  : 'after 3000' command is executed.
12:29:28 INFO  : 'targets -set -filter {jtag_cable_name =~ "Digilent Cora Z7 - 7007S 210370BCADD2A" && level==0 && jtag_device_ctx=="jsn-Cora Z7 - 7007S-210370BCADD2A-13723093-0"}' command is executed.
12:29:30 INFO  : Device configured successfully with "/home/ej3b/readoutsys/rtos_sys/rtos_sys.sw/rtos_lwip/_ide/bitstream/rtos_sys_wrapper.bit"
12:29:30 INFO  : Context for 'APU' is selected.
12:29:30 INFO  : Hardware design and registers information is loaded from '/home/ej3b/readoutsys/rtos_sys/rtos_sys.sw/rtos_sys_wrapper/export/rtos_sys_wrapper/hw/rtos_sys_wrapper.xsa'.
12:29:30 INFO  : 'configparams force-mem-access 1' command is executed.
12:29:30 INFO  : Context for 'APU' is selected.
12:29:30 INFO  : Sourcing of '/home/ej3b/readoutsys/rtos_sys/rtos_sys.sw/rtos_lwip/_ide/psinit/ps7_init.tcl' is done.
12:29:30 INFO  : 'ps7_init' command is executed.
12:29:30 INFO  : 'ps7_post_config' command is executed.
12:29:30 INFO  : Context for processor 'ps7_cortexa9_0' is selected.
12:29:31 INFO  : The application '/home/ej3b/readoutsys/rtos_sys/rtos_sys.sw/rtos_lwip/Debug/rtos_lwip.elf' is downloaded to processor 'ps7_cortexa9_0'.
12:29:31 INFO  : 'configparams force-mem-access 0' command is executed.
12:29:31 INFO  : ----------------XSDB Script----------------
connect -url tcp:127.0.0.1:3121
targets -set -nocase -filter {name =~"APU*"}
rst -system
after 3000
targets -set -filter {jtag_cable_name =~ "Digilent Cora Z7 - 7007S 210370BCADD2A" && level==0 && jtag_device_ctx=="jsn-Cora Z7 - 7007S-210370BCADD2A-13723093-0"}
fpga -file /home/ej3b/readoutsys/rtos_sys/rtos_sys.sw/rtos_lwip/_ide/bitstream/rtos_sys_wrapper.bit
targets -set -nocase -filter {name =~"APU*"}
loadhw -hw /home/ej3b/readoutsys/rtos_sys/rtos_sys.sw/rtos_sys_wrapper/export/rtos_sys_wrapper/hw/rtos_sys_wrapper.xsa -mem-ranges [list {0x40000000 0xbfffffff}] -regs
configparams force-mem-access 1
targets -set -nocase -filter {name =~"APU*"}
source /home/ej3b/readoutsys/rtos_sys/rtos_sys.sw/rtos_lwip/_ide/psinit/ps7_init.tcl
ps7_init
ps7_post_config
targets -set -nocase -filter {name =~ "*A9*#0"}
dow /home/ej3b/readoutsys/rtos_sys/rtos_sys.sw/rtos_lwip/Debug/rtos_lwip.elf
configparams force-mem-access 0
----------------End of Script----------------

12:29:31 INFO  : Context for processor 'ps7_cortexa9_0' is selected.
12:29:31 INFO  : 'con' command is executed.
12:29:31 INFO  : ----------------XSDB Script (After Launch)----------------
targets -set -nocase -filter {name =~ "*A9*#0"}
con
----------------End of Script----------------

12:29:31 INFO  : Launch script is exported to file '/home/ej3b/readoutsys/rtos_sys/rtos_sys.sw/rtos_lwip_system/_ide/scripts/debugger_rtos_lwip-default.tcl'
12:43:43 INFO  : Disconnected from the channel tcfchan#19.
12:46:16 DEBUG : Logs will be stored at '/home/ej3b/readoutsys/rtos_sys/rtos_sys.sw/IDE.log'.
12:46:17 INFO  : Launching XSCT server: xsct -n  -interactive /home/ej3b/readoutsys/rtos_sys/rtos_sys.sw/temp_xsdb_launch_script.tcl
12:46:18 INFO  : Platform repository initialization has completed.
12:46:18 INFO  : Registering command handlers for Vitis TCF services
12:46:20 INFO  : XSCT server has started successfully.
12:46:20 INFO  : plnx-install-location is set to ''
12:46:21 INFO  : Successfully done setting XSCT server connection channel  
12:46:21 INFO  : Successfully done setting workspace for the tool. 
12:46:21 INFO  : Successfully done query RDI_DATADIR 
12:48:39 INFO  : Result from executing command 'getProjects': rtos_sys_wrapper
12:48:39 INFO  : Result from executing command 'getPlatforms': rtos_sys_wrapper|/home/ej3b/readoutsys/rtos_sys/rtos_sys.sw/rtos_sys_wrapper/export/rtos_sys_wrapper/rtos_sys_wrapper.xpfm
12:48:43 INFO  : Checking for BSP changes to sync application flags for project 'rtos_lwip'...
12:48:44 INFO  : Updating application flags with new BSP settings...
12:48:44 INFO  : Successfully updated application flags for project rtos_lwip.
12:49:02 INFO  : Connected to target on host '127.0.0.1' and port '3121'.
12:49:02 INFO  : Jtag cable 'Digilent Cora Z7 - 7007S 210370BCADD2A' is selected.
12:49:02 INFO  : 'jtag frequency' command is executed.
12:49:02 INFO  : Context for 'APU' is selected.
12:49:02 INFO  : System reset is completed.
12:49:05 INFO  : 'after 3000' command is executed.
12:49:06 INFO  : 'targets -set -filter {jtag_cable_name =~ "Digilent Cora Z7 - 7007S 210370BCADD2A" && level==0 && jtag_device_ctx=="jsn-Cora Z7 - 7007S-210370BCADD2A-13723093-0"}' command is executed.
12:49:07 INFO  : Device configured successfully with "/home/ej3b/readoutsys/rtos_sys/rtos_sys.sw/rtos_lwip/_ide/bitstream/rtos_sys_wrapper.bit"
12:49:07 INFO  : Context for 'APU' is selected.
12:49:07 INFO  : Hardware design and registers information is loaded from '/home/ej3b/readoutsys/rtos_sys/rtos_sys.sw/rtos_sys_wrapper/export/rtos_sys_wrapper/hw/rtos_sys_wrapper.xsa'.
12:49:07 INFO  : 'configparams force-mem-access 1' command is executed.
12:49:07 INFO  : Context for 'APU' is selected.
12:49:07 INFO  : Sourcing of '/home/ej3b/readoutsys/rtos_sys/rtos_sys.sw/rtos_lwip/_ide/psinit/ps7_init.tcl' is done.
12:49:08 INFO  : 'ps7_init' command is executed.
12:49:08 INFO  : 'ps7_post_config' command is executed.
12:49:08 INFO  : Context for processor 'ps7_cortexa9_0' is selected.
12:49:08 INFO  : The application '/home/ej3b/readoutsys/rtos_sys/rtos_sys.sw/rtos_lwip/Debug/rtos_lwip.elf' is downloaded to processor 'ps7_cortexa9_0'.
12:49:08 INFO  : 'configparams force-mem-access 0' command is executed.
12:49:08 INFO  : ----------------XSDB Script----------------
connect -url tcp:127.0.0.1:3121
targets -set -nocase -filter {name =~"APU*"}
rst -system
after 3000
targets -set -filter {jtag_cable_name =~ "Digilent Cora Z7 - 7007S 210370BCADD2A" && level==0 && jtag_device_ctx=="jsn-Cora Z7 - 7007S-210370BCADD2A-13723093-0"}
fpga -file /home/ej3b/readoutsys/rtos_sys/rtos_sys.sw/rtos_lwip/_ide/bitstream/rtos_sys_wrapper.bit
targets -set -nocase -filter {name =~"APU*"}
loadhw -hw /home/ej3b/readoutsys/rtos_sys/rtos_sys.sw/rtos_sys_wrapper/export/rtos_sys_wrapper/hw/rtos_sys_wrapper.xsa -mem-ranges [list {0x40000000 0xbfffffff}] -regs
configparams force-mem-access 1
targets -set -nocase -filter {name =~"APU*"}
source /home/ej3b/readoutsys/rtos_sys/rtos_sys.sw/rtos_lwip/_ide/psinit/ps7_init.tcl
ps7_init
ps7_post_config
targets -set -nocase -filter {name =~ "*A9*#0"}
dow /home/ej3b/readoutsys/rtos_sys/rtos_sys.sw/rtos_lwip/Debug/rtos_lwip.elf
configparams force-mem-access 0
----------------End of Script----------------

12:49:08 INFO  : Context for processor 'ps7_cortexa9_0' is selected.
12:49:08 INFO  : 'con' command is executed.
12:49:08 INFO  : ----------------XSDB Script (After Launch)----------------
targets -set -nocase -filter {name =~ "*A9*#0"}
con
----------------End of Script----------------

12:49:08 INFO  : Launch script is exported to file '/home/ej3b/readoutsys/rtos_sys/rtos_sys.sw/rtos_lwip_system/_ide/scripts/debugger_rtos_lwip-default.tcl'
12:49:23 INFO  : Disconnected from the channel tcfchan#2.
12:49:24 INFO  : Connected to target on host '127.0.0.1' and port '3121'.
12:49:24 INFO  : Jtag cable 'Digilent Cora Z7 - 7007S 210370BCADD2A' is selected.
12:49:24 INFO  : 'jtag frequency' command is executed.
12:49:24 INFO  : Context for 'APU' is selected.
12:49:24 INFO  : System reset is completed.
12:49:27 INFO  : 'after 3000' command is executed.
12:49:27 INFO  : 'targets -set -filter {jtag_cable_name =~ "Digilent Cora Z7 - 7007S 210370BCADD2A" && level==0 && jtag_device_ctx=="jsn-Cora Z7 - 7007S-210370BCADD2A-13723093-0"}' command is executed.
12:49:29 INFO  : Device configured successfully with "/home/ej3b/readoutsys/rtos_sys/rtos_sys.sw/rtos_lwip/_ide/bitstream/rtos_sys_wrapper.bit"
12:49:29 INFO  : Context for 'APU' is selected.
12:49:29 INFO  : Hardware design and registers information is loaded from '/home/ej3b/readoutsys/rtos_sys/rtos_sys.sw/rtos_sys_wrapper/export/rtos_sys_wrapper/hw/rtos_sys_wrapper.xsa'.
12:49:29 INFO  : 'configparams force-mem-access 1' command is executed.
12:49:29 INFO  : Context for 'APU' is selected.
12:49:29 INFO  : Sourcing of '/home/ej3b/readoutsys/rtos_sys/rtos_sys.sw/rtos_lwip/_ide/psinit/ps7_init.tcl' is done.
12:49:29 INFO  : 'ps7_init' command is executed.
12:49:29 INFO  : 'ps7_post_config' command is executed.
12:49:29 INFO  : Context for processor 'ps7_cortexa9_0' is selected.
12:49:30 INFO  : The application '/home/ej3b/readoutsys/rtos_sys/rtos_sys.sw/rtos_lwip/Debug/rtos_lwip.elf' is downloaded to processor 'ps7_cortexa9_0'.
12:49:30 INFO  : 'configparams force-mem-access 0' command is executed.
12:49:30 INFO  : ----------------XSDB Script----------------
connect -url tcp:127.0.0.1:3121
targets -set -nocase -filter {name =~"APU*"}
rst -system
after 3000
targets -set -filter {jtag_cable_name =~ "Digilent Cora Z7 - 7007S 210370BCADD2A" && level==0 && jtag_device_ctx=="jsn-Cora Z7 - 7007S-210370BCADD2A-13723093-0"}
fpga -file /home/ej3b/readoutsys/rtos_sys/rtos_sys.sw/rtos_lwip/_ide/bitstream/rtos_sys_wrapper.bit
targets -set -nocase -filter {name =~"APU*"}
loadhw -hw /home/ej3b/readoutsys/rtos_sys/rtos_sys.sw/rtos_sys_wrapper/export/rtos_sys_wrapper/hw/rtos_sys_wrapper.xsa -mem-ranges [list {0x40000000 0xbfffffff}] -regs
configparams force-mem-access 1
targets -set -nocase -filter {name =~"APU*"}
source /home/ej3b/readoutsys/rtos_sys/rtos_sys.sw/rtos_lwip/_ide/psinit/ps7_init.tcl
ps7_init
ps7_post_config
targets -set -nocase -filter {name =~ "*A9*#0"}
dow /home/ej3b/readoutsys/rtos_sys/rtos_sys.sw/rtos_lwip/Debug/rtos_lwip.elf
configparams force-mem-access 0
----------------End of Script----------------

12:49:30 INFO  : Context for processor 'ps7_cortexa9_0' is selected.
12:49:30 INFO  : 'con' command is executed.
12:49:30 INFO  : ----------------XSDB Script (After Launch)----------------
targets -set -nocase -filter {name =~ "*A9*#0"}
con
----------------End of Script----------------

12:49:30 INFO  : Launch script is exported to file '/home/ej3b/readoutsys/rtos_sys/rtos_sys.sw/rtos_lwip_system/_ide/scripts/debugger_rtos_lwip-default.tcl'
14:01:03 INFO  : Disconnected from the channel tcfchan#3.
14:01:04 INFO  : Connected to target on host '127.0.0.1' and port '3121'.
14:01:13 INFO  : ----------------XSDB Script----------------
connect -url tcp:127.0.0.1:3121
----------------End of Script----------------

14:01:13 ERROR : Could not find Jtag device on the board for connection 'Local'.


Troubleshooting hints:
1. Check whether board is connected to system properly.
2. In case of zynq board, check whether Digilent/Xilinx cable switch settings are correct.
3. If you are using Xilinx Platform Cable USB, ensure that status LED is green.
14:01:56 INFO  : Connected to target on host '127.0.0.1' and port '3121'.
14:01:56 INFO  : Jtag cable 'Digilent Cora Z7 - 7007S 210370BCADD2A' is selected.
14:01:56 INFO  : 'jtag frequency' command is executed.
14:01:56 INFO  : Context for 'APU' is selected.
14:01:56 INFO  : System reset is completed.
14:01:59 INFO  : 'after 3000' command is executed.
14:01:59 INFO  : 'targets -set -filter {jtag_cable_name =~ "Digilent Cora Z7 - 7007S 210370BCADD2A" && level==0 && jtag_device_ctx=="jsn-Cora Z7 - 7007S-210370BCADD2A-13723093-0"}' command is executed.
14:02:00 INFO  : Device configured successfully with "/home/ej3b/readoutsys/rtos_sys/rtos_sys.sw/rtos_lwip/_ide/bitstream/rtos_sys_wrapper.bit"
14:02:01 INFO  : Context for 'APU' is selected.
14:02:01 INFO  : Hardware design and registers information is loaded from '/home/ej3b/readoutsys/rtos_sys/rtos_sys.sw/rtos_sys_wrapper/export/rtos_sys_wrapper/hw/rtos_sys_wrapper.xsa'.
14:02:01 INFO  : 'configparams force-mem-access 1' command is executed.
14:02:01 INFO  : Context for 'APU' is selected.
14:02:01 INFO  : Sourcing of '/home/ej3b/readoutsys/rtos_sys/rtos_sys.sw/rtos_lwip/_ide/psinit/ps7_init.tcl' is done.
14:02:01 INFO  : 'ps7_init' command is executed.
14:02:01 INFO  : 'ps7_post_config' command is executed.
14:02:01 INFO  : Context for processor 'ps7_cortexa9_0' is selected.
14:02:02 INFO  : The application '/home/ej3b/readoutsys/rtos_sys/rtos_sys.sw/rtos_lwip/Debug/rtos_lwip.elf' is downloaded to processor 'ps7_cortexa9_0'.
14:02:02 INFO  : 'configparams force-mem-access 0' command is executed.
14:02:02 INFO  : ----------------XSDB Script----------------
connect -url tcp:127.0.0.1:3121
targets -set -nocase -filter {name =~"APU*"}
rst -system
after 3000
targets -set -filter {jtag_cable_name =~ "Digilent Cora Z7 - 7007S 210370BCADD2A" && level==0 && jtag_device_ctx=="jsn-Cora Z7 - 7007S-210370BCADD2A-13723093-0"}
fpga -file /home/ej3b/readoutsys/rtos_sys/rtos_sys.sw/rtos_lwip/_ide/bitstream/rtos_sys_wrapper.bit
targets -set -nocase -filter {name =~"APU*"}
loadhw -hw /home/ej3b/readoutsys/rtos_sys/rtos_sys.sw/rtos_sys_wrapper/export/rtos_sys_wrapper/hw/rtos_sys_wrapper.xsa -mem-ranges [list {0x40000000 0xbfffffff}] -regs
configparams force-mem-access 1
targets -set -nocase -filter {name =~"APU*"}
source /home/ej3b/readoutsys/rtos_sys/rtos_sys.sw/rtos_lwip/_ide/psinit/ps7_init.tcl
ps7_init
ps7_post_config
targets -set -nocase -filter {name =~ "*A9*#0"}
dow /home/ej3b/readoutsys/rtos_sys/rtos_sys.sw/rtos_lwip/Debug/rtos_lwip.elf
configparams force-mem-access 0
----------------End of Script----------------

14:02:02 INFO  : Context for processor 'ps7_cortexa9_0' is selected.
14:02:02 INFO  : 'con' command is executed.
14:02:02 INFO  : ----------------XSDB Script (After Launch)----------------
targets -set -nocase -filter {name =~ "*A9*#0"}
con
----------------End of Script----------------

14:02:02 INFO  : Launch script is exported to file '/home/ej3b/readoutsys/rtos_sys/rtos_sys.sw/rtos_lwip_system/_ide/scripts/debugger_rtos_lwip-default.tcl'
14:10:54 INFO  : No changes in MSS file content so sources will not be generated.
14:11:24 ERROR : Error occurred while generating bsp sources for the domain 'zynq_fsbl'.
14:11:55 INFO  : Result from executing command 'getProjects': rtos_sys_wrapper
14:11:55 INFO  : Result from executing command 'getPlatforms': rtos_sys_wrapper|/home/ej3b/readoutsys/rtos_sys/rtos_sys.sw/rtos_sys_wrapper/export/rtos_sys_wrapper/rtos_sys_wrapper.xpfm
14:12:30 INFO  : Checking for BSP changes to sync application flags for project 'rtos_lwip'...
14:56:49 INFO  : Hardware specification for platform project 'rtos_sys_wrapper' is updated.
14:57:25 INFO  : Result from executing command 'getProjects': rtos_sys_wrapper
14:57:25 INFO  : Result from executing command 'getPlatforms': rtos_sys_wrapper|/home/ej3b/readoutsys/rtos_sys/rtos_sys.sw/rtos_sys_wrapper/export/rtos_sys_wrapper/rtos_sys_wrapper.xpfm
14:57:40 INFO  : Checking for BSP changes to sync application flags for project 'rtos_lwip'...
14:57:43 INFO  : The hardware specification used by project 'rtos_lwip' is out of sync with the platform. Resource files extracted from the hardware specification will be updated.
14:57:43 INFO  : The file '/home/ej3b/readoutsys/rtos_sys/rtos_sys.sw/rtos_lwip/_ide/bitstream/rtos_sys_wrapper.bit' stored in project is removed.
14:57:43 INFO  : The updated bitstream files are copied from platform to folder '/home/ej3b/readoutsys/rtos_sys/rtos_sys.sw/rtos_lwip/_ide/bitstream' in project 'rtos_lwip'.
14:57:43 INFO  : The file '/home/ej3b/readoutsys/rtos_sys/rtos_sys.sw/rtos_lwip/_ide/psinit/ps7_init.tcl' stored in project is removed.
14:57:46 INFO  : The updated ps init files are copied from platform to folder '/home/ej3b/readoutsys/rtos_sys/rtos_sys.sw/rtos_lwip/_ide/psinit' in project 'rtos_lwip'.
14:58:37 INFO  : Connected to target on host '127.0.0.1' and port '3121'.
14:58:37 INFO  : Jtag cable 'Digilent Cora Z7 - 7007S 210370BCADD2A' is selected.
14:58:37 INFO  : 'jtag frequency' command is executed.
14:58:37 INFO  : Context for 'APU' is selected.
14:58:37 INFO  : System reset is completed.
14:58:40 INFO  : 'after 3000' command is executed.
14:58:41 INFO  : 'targets -set -filter {jtag_cable_name =~ "Digilent Cora Z7 - 7007S 210370BCADD2A" && level==0 && jtag_device_ctx=="jsn-Cora Z7 - 7007S-210370BCADD2A-13723093-0"}' command is executed.
14:58:42 INFO  : Device configured successfully with "/home/ej3b/readoutsys/rtos_sys/rtos_sys.sw/rtos_lwip/_ide/bitstream/rtos2.bit"
14:58:42 INFO  : Context for 'APU' is selected.
14:58:42 INFO  : Hardware design and registers information is loaded from '/home/ej3b/readoutsys/rtos_sys/rtos_sys.sw/rtos_sys_wrapper/export/rtos_sys_wrapper/hw/rtos2.xsa'.
14:58:42 INFO  : 'configparams force-mem-access 1' command is executed.
14:58:42 INFO  : Context for 'APU' is selected.
14:58:42 INFO  : Sourcing of '/home/ej3b/readoutsys/rtos_sys/rtos_sys.sw/rtos_lwip/_ide/psinit/ps7_init.tcl' is done.
14:58:42 INFO  : 'ps7_init' command is executed.
14:58:42 INFO  : 'ps7_post_config' command is executed.
14:58:42 INFO  : Context for processor 'ps7_cortexa9_0' is selected.
14:58:43 INFO  : The application '/home/ej3b/readoutsys/rtos_sys/rtos_sys.sw/rtos_lwip/Debug/rtos_lwip.elf' is downloaded to processor 'ps7_cortexa9_0'.
14:58:43 INFO  : 'configparams force-mem-access 0' command is executed.
14:58:43 INFO  : ----------------XSDB Script----------------
connect -url tcp:127.0.0.1:3121
targets -set -nocase -filter {name =~"APU*"}
rst -system
after 3000
targets -set -filter {jtag_cable_name =~ "Digilent Cora Z7 - 7007S 210370BCADD2A" && level==0 && jtag_device_ctx=="jsn-Cora Z7 - 7007S-210370BCADD2A-13723093-0"}
fpga -file /home/ej3b/readoutsys/rtos_sys/rtos_sys.sw/rtos_lwip/_ide/bitstream/rtos2.bit
targets -set -nocase -filter {name =~"APU*"}
loadhw -hw /home/ej3b/readoutsys/rtos_sys/rtos_sys.sw/rtos_sys_wrapper/export/rtos_sys_wrapper/hw/rtos2.xsa -mem-ranges [list {0x40000000 0xbfffffff}] -regs
configparams force-mem-access 1
targets -set -nocase -filter {name =~"APU*"}
source /home/ej3b/readoutsys/rtos_sys/rtos_sys.sw/rtos_lwip/_ide/psinit/ps7_init.tcl
ps7_init
ps7_post_config
targets -set -nocase -filter {name =~ "*A9*#0"}
dow /home/ej3b/readoutsys/rtos_sys/rtos_sys.sw/rtos_lwip/Debug/rtos_lwip.elf
configparams force-mem-access 0
----------------End of Script----------------

14:58:43 INFO  : Context for processor 'ps7_cortexa9_0' is selected.
14:58:43 INFO  : 'con' command is executed.
14:58:43 INFO  : ----------------XSDB Script (After Launch)----------------
targets -set -nocase -filter {name =~ "*A9*#0"}
con
----------------End of Script----------------

14:58:43 INFO  : Launch script is exported to file '/home/ej3b/readoutsys/rtos_sys/rtos_sys.sw/rtos_lwip_system/_ide/scripts/debugger_rtos_lwip-default.tcl'
15:01:30 INFO  : No changes in MSS file content so sources will not be generated.
15:04:46 INFO  : Result from executing command 'getProjects': rtos_sys_wrapper
15:04:46 INFO  : Result from executing command 'getPlatforms': rtos_sys_wrapper|/home/ej3b/readoutsys/rtos_sys/rtos_sys.sw/rtos_sys_wrapper/export/rtos_sys_wrapper/rtos_sys_wrapper.xpfm
15:05:37 INFO  : Result from executing command 'getProjects': rtos2;rtos_sys_wrapper
15:05:37 INFO  : Result from executing command 'getPlatforms': rtos_sys_wrapper|/home/ej3b/readoutsys/rtos_sys/rtos_sys.sw/rtos_sys_wrapper/export/rtos_sys_wrapper/rtos_sys_wrapper.xpfm
15:05:37 INFO  : Platform 'rtos2' is added to custom repositories.
15:05:43 INFO  : Platform 'rtos2' is added to custom repositories.
15:06:06 INFO  : Result from executing command 'getProjects': rtos2;rtos_sys_wrapper
15:06:06 INFO  : Result from executing command 'getPlatforms': rtos2|/home/ej3b/readoutsys/rtos_sys/rtos_sys.sw/rtos2/export/rtos2/rtos2.xpfm;rtos_sys_wrapper|/home/ej3b/readoutsys/rtos_sys/rtos_sys.sw/rtos_sys_wrapper/export/rtos_sys_wrapper/rtos_sys_wrapper.xpfm
15:06:09 INFO  : Checking for BSP changes to sync application flags for project 'lwip'...
15:06:35 INFO  : Checking for BSP changes to sync application flags for project 'lwip'...
15:06:53 INFO  : Disconnected from the channel tcfchan#4.
15:06:55 INFO  : Connected to target on host '127.0.0.1' and port '3121'.
15:06:55 INFO  : Jtag cable 'Digilent Cora Z7 - 7007S 210370BCADD2A' is selected.
15:06:55 INFO  : 'jtag frequency' command is executed.
15:06:55 INFO  : Context for 'APU' is selected.
15:06:55 INFO  : System reset is completed.
15:06:58 INFO  : 'after 3000' command is executed.
15:06:58 INFO  : 'targets -set -filter {jtag_cable_name =~ "Digilent Cora Z7 - 7007S 210370BCADD2A" && level==0 && jtag_device_ctx=="jsn-Cora Z7 - 7007S-210370BCADD2A-13723093-0"}' command is executed.
15:06:59 INFO  : Device configured successfully with "/home/ej3b/readoutsys/rtos_sys/rtos_sys.sw/lwip/_ide/bitstream/rtos2.bit"
15:06:59 INFO  : Context for 'APU' is selected.
15:06:59 INFO  : Hardware design and registers information is loaded from '/home/ej3b/readoutsys/rtos_sys/rtos_sys.sw/rtos2/export/rtos2/hw/rtos2.xsa'.
15:06:59 INFO  : 'configparams force-mem-access 1' command is executed.
15:06:59 INFO  : Context for 'APU' is selected.
15:06:59 INFO  : Sourcing of '/home/ej3b/readoutsys/rtos_sys/rtos_sys.sw/lwip/_ide/psinit/ps7_init.tcl' is done.
15:07:00 INFO  : 'ps7_init' command is executed.
15:07:00 INFO  : 'ps7_post_config' command is executed.
15:07:00 INFO  : Context for processor 'ps7_cortexa9_0' is selected.
15:07:01 INFO  : The application '/home/ej3b/readoutsys/rtos_sys/rtos_sys.sw/lwip/Debug/lwip.elf' is downloaded to processor 'ps7_cortexa9_0'.
15:07:01 INFO  : 'configparams force-mem-access 0' command is executed.
15:07:01 INFO  : ----------------XSDB Script----------------
connect -url tcp:127.0.0.1:3121
targets -set -nocase -filter {name =~"APU*"}
rst -system
after 3000
targets -set -filter {jtag_cable_name =~ "Digilent Cora Z7 - 7007S 210370BCADD2A" && level==0 && jtag_device_ctx=="jsn-Cora Z7 - 7007S-210370BCADD2A-13723093-0"}
fpga -file /home/ej3b/readoutsys/rtos_sys/rtos_sys.sw/lwip/_ide/bitstream/rtos2.bit
targets -set -nocase -filter {name =~"APU*"}
loadhw -hw /home/ej3b/readoutsys/rtos_sys/rtos_sys.sw/rtos2/export/rtos2/hw/rtos2.xsa -mem-ranges [list {0x40000000 0xbfffffff}] -regs
configparams force-mem-access 1
targets -set -nocase -filter {name =~"APU*"}
source /home/ej3b/readoutsys/rtos_sys/rtos_sys.sw/lwip/_ide/psinit/ps7_init.tcl
ps7_init
ps7_post_config
targets -set -nocase -filter {name =~ "*A9*#0"}
dow /home/ej3b/readoutsys/rtos_sys/rtos_sys.sw/lwip/Debug/lwip.elf
configparams force-mem-access 0
----------------End of Script----------------

15:07:01 INFO  : Context for processor 'ps7_cortexa9_0' is selected.
15:07:01 INFO  : 'con' command is executed.
15:07:01 INFO  : ----------------XSDB Script (After Launch)----------------
targets -set -nocase -filter {name =~ "*A9*#0"}
con
----------------End of Script----------------

15:07:01 INFO  : Launch script is exported to file '/home/ej3b/readoutsys/rtos_sys/rtos_sys.sw/lwip_system/_ide/scripts/debugger_lwip-default.tcl'
15:08:14 WARN  : Failed to update project references for project readout
15:08:14 WARN  : Failed to update project references for project readout_system
15:08:14 WARN  : Failed to update project references for project rtos_lwip
15:08:14 WARN  : Failed to update project references for project rtos_lwip_system
15:15:58 INFO  : Checking for BSP changes to sync application flags for project 'lwip_server'...
15:16:21 INFO  : Connected to target on host '127.0.0.1' and port '3121'.
15:16:21 INFO  : Jtag cable 'Digilent Cora Z7 - 7007S 210370BCADD2A' is selected.
15:16:21 INFO  : 'jtag frequency' command is executed.
15:16:21 INFO  : Context for 'APU' is selected.
15:16:21 INFO  : System reset is completed.
15:16:24 INFO  : 'after 3000' command is executed.
15:16:24 INFO  : 'targets -set -filter {jtag_cable_name =~ "Digilent Cora Z7 - 7007S 210370BCADD2A" && level==0 && jtag_device_ctx=="jsn-Cora Z7 - 7007S-210370BCADD2A-13723093-0"}' command is executed.
15:16:26 INFO  : Device configured successfully with "/home/ej3b/readoutsys/rtos_sys/rtos_sys.sw/lwip/_ide/bitstream/rtos2.bit"
15:16:26 INFO  : Context for 'APU' is selected.
15:16:26 INFO  : Hardware design and registers information is loaded from '/home/ej3b/readoutsys/rtos_sys/rtos_sys.sw/rtos2/export/rtos2/hw/rtos2.xsa'.
15:16:26 INFO  : 'configparams force-mem-access 1' command is executed.
15:16:26 INFO  : Context for 'APU' is selected.
15:16:26 INFO  : Sourcing of '/home/ej3b/readoutsys/rtos_sys/rtos_sys.sw/lwip/_ide/psinit/ps7_init.tcl' is done.
15:16:26 INFO  : 'ps7_init' command is executed.
15:16:26 INFO  : 'ps7_post_config' command is executed.
15:16:26 INFO  : Context for processor 'ps7_cortexa9_0' is selected.
15:16:27 INFO  : The application '/home/ej3b/readoutsys/rtos_sys/rtos_sys.sw/lwip/Debug/lwip.elf' is downloaded to processor 'ps7_cortexa9_0'.
15:16:27 INFO  : 'configparams force-mem-access 0' command is executed.
15:16:27 INFO  : ----------------XSDB Script----------------
connect -url tcp:127.0.0.1:3121
targets -set -nocase -filter {name =~"APU*"}
rst -system
after 3000
targets -set -filter {jtag_cable_name =~ "Digilent Cora Z7 - 7007S 210370BCADD2A" && level==0 && jtag_device_ctx=="jsn-Cora Z7 - 7007S-210370BCADD2A-13723093-0"}
fpga -file /home/ej3b/readoutsys/rtos_sys/rtos_sys.sw/lwip/_ide/bitstream/rtos2.bit
targets -set -nocase -filter {name =~"APU*"}
loadhw -hw /home/ej3b/readoutsys/rtos_sys/rtos_sys.sw/rtos2/export/rtos2/hw/rtos2.xsa -mem-ranges [list {0x40000000 0xbfffffff}] -regs
configparams force-mem-access 1
targets -set -nocase -filter {name =~"APU*"}
source /home/ej3b/readoutsys/rtos_sys/rtos_sys.sw/lwip/_ide/psinit/ps7_init.tcl
ps7_init
ps7_post_config
targets -set -nocase -filter {name =~ "*A9*#0"}
dow /home/ej3b/readoutsys/rtos_sys/rtos_sys.sw/lwip/Debug/lwip.elf
configparams force-mem-access 0
----------------End of Script----------------

15:16:27 INFO  : Context for processor 'ps7_cortexa9_0' is selected.
15:16:27 INFO  : 'con' command is executed.
15:16:27 INFO  : ----------------XSDB Script (After Launch)----------------
targets -set -nocase -filter {name =~ "*A9*#0"}
con
----------------End of Script----------------

15:16:27 INFO  : Launch script is exported to file '/home/ej3b/readoutsys/rtos_sys/rtos_sys.sw/lwip_system/_ide/scripts/debugger_lwip-default_1.tcl'
15:17:01 INFO  : Connected to target on host '127.0.0.1' and port '3121'.
15:17:01 INFO  : Jtag cable 'Digilent Cora Z7 - 7007S 210370BCADD2A' is selected.
15:17:01 INFO  : 'jtag frequency' command is executed.
15:17:01 INFO  : Context for 'APU' is selected.
15:17:01 INFO  : System reset is completed.
15:17:04 INFO  : 'after 3000' command is executed.
15:17:05 INFO  : 'targets -set -filter {jtag_cable_name =~ "Digilent Cora Z7 - 7007S 210370BCADD2A" && level==0 && jtag_device_ctx=="jsn-Cora Z7 - 7007S-210370BCADD2A-13723093-0"}' command is executed.
15:17:06 INFO  : Device configured successfully with "/home/ej3b/readoutsys/rtos_sys/rtos_sys.sw/lwip_server/_ide/bitstream/rtos2.bit"
15:17:06 INFO  : Context for 'APU' is selected.
15:17:06 INFO  : Hardware design and registers information is loaded from '/home/ej3b/readoutsys/rtos_sys/rtos_sys.sw/rtos2/export/rtos2/hw/rtos2.xsa'.
15:17:06 INFO  : 'configparams force-mem-access 1' command is executed.
15:17:06 INFO  : Context for 'APU' is selected.
15:17:06 INFO  : Sourcing of '/home/ej3b/readoutsys/rtos_sys/rtos_sys.sw/lwip_server/_ide/psinit/ps7_init.tcl' is done.
15:17:06 INFO  : 'ps7_init' command is executed.
15:17:06 INFO  : 'ps7_post_config' command is executed.
15:17:07 INFO  : Context for processor 'ps7_cortexa9_0' is selected.
15:17:07 INFO  : The application '/home/ej3b/readoutsys/rtos_sys/rtos_sys.sw/lwip_server/Debug/lwip_server.elf' is downloaded to processor 'ps7_cortexa9_0'.
15:17:07 INFO  : 'configparams force-mem-access 0' command is executed.
15:17:07 INFO  : ----------------XSDB Script----------------
connect -url tcp:127.0.0.1:3121
targets -set -nocase -filter {name =~"APU*"}
rst -system
after 3000
targets -set -filter {jtag_cable_name =~ "Digilent Cora Z7 - 7007S 210370BCADD2A" && level==0 && jtag_device_ctx=="jsn-Cora Z7 - 7007S-210370BCADD2A-13723093-0"}
fpga -file /home/ej3b/readoutsys/rtos_sys/rtos_sys.sw/lwip_server/_ide/bitstream/rtos2.bit
targets -set -nocase -filter {name =~"APU*"}
loadhw -hw /home/ej3b/readoutsys/rtos_sys/rtos_sys.sw/rtos2/export/rtos2/hw/rtos2.xsa -mem-ranges [list {0x40000000 0xbfffffff}] -regs
configparams force-mem-access 1
targets -set -nocase -filter {name =~"APU*"}
source /home/ej3b/readoutsys/rtos_sys/rtos_sys.sw/lwip_server/_ide/psinit/ps7_init.tcl
ps7_init
ps7_post_config
targets -set -nocase -filter {name =~ "*A9*#0"}
dow /home/ej3b/readoutsys/rtos_sys/rtos_sys.sw/lwip_server/Debug/lwip_server.elf
configparams force-mem-access 0
----------------End of Script----------------

15:17:07 INFO  : Context for processor 'ps7_cortexa9_0' is selected.
15:17:07 INFO  : 'con' command is executed.
15:17:07 INFO  : ----------------XSDB Script (After Launch)----------------
targets -set -nocase -filter {name =~ "*A9*#0"}
con
----------------End of Script----------------

15:17:07 INFO  : Launch script is exported to file '/home/ej3b/readoutsys/rtos_sys/rtos_sys.sw/lwip_server_system/_ide/scripts/debugger_lwip_server-default.tcl'
15:17:39 INFO  : Disconnected from the channel tcfchan#11.
15:17:42 WARN  : channel "tcfchan#4" closed
15:17:42 WARN  : channel "tcfchan#11" closed
18:02:20 INFO  : Checking for BSP changes to sync application flags for project 'lwip_server'...
18:02:29 INFO  : Checking for BSP changes to sync application flags for project 'lwip_server'...
18:16:58 INFO  : Checking for BSP changes to sync application flags for project 'lwip_server'...
18:25:11 INFO  : Checking for BSP changes to sync application flags for project 'lwip_server'...
18:28:53 INFO  : Result from executing command 'getProjects': rtos2
18:28:53 INFO  : Result from executing command 'getPlatforms': rtos2|/home/ej3b/readoutsys/rtos_sys/rtos_sys.sw/rtos2/export/rtos2/rtos2.xpfm
18:28:56 INFO  : Checking for BSP changes to sync application flags for project 'lwip_server'...
18:30:04 INFO  : Checking for BSP changes to sync application flags for project 'lwip_server'...
18:36:05 INFO  : Checking for BSP changes to sync application flags for project 'lwip_server'...
18:49:10 ERROR : XSCT server calls should not be made from TCF thread.
java.lang.RuntimeException: XSCT server calls should not be made from TCF thread.
	at com.xilinx.sdk.xsdb.XSDBCommandManager.issueAndWait(XSDBCommandManager.java:392) [com.xilinx.sdk.xsdb_1.0.0.202411031917.jar:?]
	at com.xilinx.sdk.xsdb.XsdbCommandUtils.executeAndRespond(XsdbCommandUtils.java:325) [com.xilinx.sdk.xsdb_1.0.0.202411031917.jar:?]
	at com.xilinx.sdk.hw.internal.HwPlatform.populateDesignProps(HwPlatform.java:521) [com.xilinx.sdk.hw_1.0.0.202411031917.jar:?]
	at com.xilinx.sdk.hw.internal.HwPlatform.isZynq(HwPlatform.java:1101) [com.xilinx.sdk.hw_1.0.0.202411031917.jar:?]
	at com.xilinx.sdk.hw.internal.HwPlatform.getArchFamily(HwPlatform.java:587) [com.xilinx.sdk.hw_1.0.0.202411031917.jar:?]
	at com.xilinx.sdk.tcf.internal.debug.ui.common.BaseLaunchConfigModel.readCrossTriggerModel(BaseLaunchConfigModel.java:174) [com.xilinx.sdk.tcf.debug_1.0.0.202411031917.jar:?]
	at com.xilinx.sdk.tcf.internal.debug.ui.common.BaseLaunchConfigModel.readAndSetAttributes(BaseLaunchConfigModel.java:156) [com.xilinx.sdk.tcf.debug_1.0.0.202411031917.jar:?]
	at com.xilinx.sdx.sdsoc.debug.ui.SdsLaunchConfigModel.newInstance(SdsLaunchConfigModel.java:109) [com.xilinx.sdx.sdsoc.debug.ui_1.0.0.202411031917.jar:?]
	at com.xilinx.sdx.sdsoc.debug.launch.SdsTcfLaunchDelegate.createConfigModel(SdsTcfLaunchDelegate.java:85) [com.xilinx.sdx.sdsoc.debug_1.0.0.202411031917.jar:?]
	at com.xilinx.sdx.sdsoc.debug.launch.SdsTcfLaunchDelegate.generateReports(SdsTcfLaunchDelegate.java:641) [com.xilinx.sdx.sdsoc.debug_1.0.0.202411031917.jar:?]
	at com.xilinx.sdx.sdsoc.debug.launch.SdsTcfLaunchDelegate.onDisconnected(SdsTcfLaunchDelegate.java:615) [com.xilinx.sdx.sdsoc.debug_1.0.0.202411031917.jar:?]
	at org.eclipse.tcf.internal.debug.ui.model.TCFModelManager$1.onDisconnected(TCFModelManager.java:79) [org.eclipse.tcf.debug.ui_1.7.0.202411031917.jar:?]
	at org.eclipse.tcf.internal.debug.model.TCFLaunch.onDisconnected(TCFLaunch.java:532) [org.eclipse.tcf.debug_1.7.0.202411031917.jar:?]
	at org.eclipse.tcf.internal.debug.model.TCFLaunch$43.onChannelClosed(TCFLaunch.java:1643) [org.eclipse.tcf.debug_1.7.0.202411031917.jar:?]
	at org.eclipse.tcf.core.AbstractChannel$9.run(AbstractChannel.java:858) [org.eclipse.tcf.core_1.7.0.202411031917.jar:?]
	at org.eclipse.tcf.EventQueue.run(EventQueue.java:98) [org.eclipse.tcf_1.7.0.202411031917.jar:?]
	at java.lang.Thread.run(Thread.java:829) [?:?]
18:49:10 WARN  : channel "tcfchan#11" closed
09:22:21 DEBUG : Logs will be stored at '/home/ej3b/readoutsys/rtos_sys/rtos_sys.sw/IDE.log'.
09:22:21 INFO  : Launching XSCT server: xsct -n  -interactive /home/ej3b/readoutsys/rtos_sys/rtos_sys.sw/temp_xsdb_launch_script.tcl
09:22:23 INFO  : Platform repository initialization has completed.
09:22:23 INFO  : Registering command handlers for Vitis TCF services
09:22:24 INFO  : XSCT server has started successfully.
09:22:25 INFO  : Successfully done setting XSCT server connection channel  
09:22:25 INFO  : plnx-install-location is set to ''
09:22:25 INFO  : Successfully done query RDI_DATADIR 
09:22:25 INFO  : Successfully done setting workspace for the tool. 
09:30:40 INFO  : Result from executing command 'getProjects': rtos2
09:30:40 INFO  : Result from executing command 'getPlatforms': rtos2|/home/ej3b/readoutsys/rtos_sys/rtos_sys.sw/rtos2/export/rtos2/rtos2.xpfm
09:30:44 INFO  : Checking for BSP changes to sync application flags for project 'lwip_server'...
09:59:51 INFO  : Result from executing command 'getProjects': rtos2
09:59:51 INFO  : Result from executing command 'getPlatforms': rtos2|/home/ej3b/readoutsys/rtos_sys/rtos_sys.sw/rtos2/export/rtos2/rtos2.xpfm
09:59:54 INFO  : Checking for BSP changes to sync application flags for project 'lwip_server'...
10:03:48 INFO  : Checking for BSP changes to sync application flags for project 'lwip_server'...
10:04:26 INFO  : Checking for BSP changes to sync application flags for project 'lwip_server'...
10:05:27 INFO  : Checking for BSP changes to sync application flags for project 'lwip_server'...
10:06:41 INFO  : Checking for BSP changes to sync application flags for project 'lwip_server'...
10:06:51 INFO  : Checking for BSP changes to sync application flags for project 'lwip_server'...
12:04:17 INFO  : Checking for BSP changes to sync application flags for project 'lwip_server'...
12:04:36 INFO  : Checking for BSP changes to sync application flags for project 'lwip_server'...
12:05:20 INFO  : Checking for BSP changes to sync application flags for project 'lwip_server'...
12:53:42 INFO  : Checking for BSP changes to sync application flags for project 'lwip_server'...
12:54:48 INFO  : Checking for BSP changes to sync application flags for project 'lwip_server'...
13:03:29 INFO  : Checking for BSP changes to sync application flags for project 'lwip_server'...
13:03:52 INFO  : Checking for BSP changes to sync application flags for project 'lwip_server'...
13:04:25 INFO  : Checking for BSP changes to sync application flags for project 'lwip_server'...
13:05:41 INFO  : Checking for BSP changes to sync application flags for project 'lwip_server'...
13:06:02 INFO  : Checking for BSP changes to sync application flags for project 'lwip_server'...
