20:38:40 DEBUG : Logs will be stored at '/home/ej3b/reeadoutsys/IDE.log'.
20:38:41 INFO  : Launching XSCT server: xsct -n  -interactive /home/ej3b/reeadoutsys/temp_xsdb_launch_script.tcl
20:38:41 INFO  : Platform repository initialization has completed.
20:38:41 INFO  : Registering command handlers for Vitis TCF services
20:38:44 INFO  : XSCT server has started successfully.
20:38:44 INFO  : Successfully done setting XSCT server connection channel  
20:38:45 INFO  : plnx-install-location is set to ''
20:38:45 INFO  : Successfully done setting workspace for the tool. 
20:38:45 INFO  : Successfully done query RDI_DATADIR 
21:13:10 INFO  : Result from executing command 'getProjects': rtos_sys_wrapper
21:13:10 INFO  : Result from executing command 'getPlatforms': 
21:13:10 WARN  : An unexpected exception occurred in the module 'platform project logging'
21:13:11 INFO  : Platform 'rtos_sys_wrapper' is added to custom repositories.
21:13:17 INFO  : Platform 'rtos_sys_wrapper' is added to custom repositories.
21:17:26 INFO  : Result from executing command 'getProjects': rtos_sys_wrapper
21:17:26 INFO  : Result from executing command 'getPlatforms': rtos_sys_wrapper|/home/ej3b/reeadoutsys/rtos_sys_wrapper/export/rtos_sys_wrapper/rtos_sys_wrapper.xpfm
21:17:53 INFO  : Checking for BSP changes to sync application flags for project 'readout'...
21:22:03 INFO  : Result from executing command 'getProjects': rtos_sys_wrapper
21:22:03 INFO  : Result from executing command 'getPlatforms': rtos_sys_wrapper|/home/ej3b/reeadoutsys/rtos_sys_wrapper/export/rtos_sys_wrapper/rtos_sys_wrapper.xpfm
10:48:48 DEBUG : Logs will be stored at '/home/ej3b/readoutsys/IDE.log'.
10:48:49 INFO  : Launching XSCT server: xsct -n  -interactive /home/ej3b/readoutsys/temp_xsdb_launch_script.tcl
10:48:49 INFO  : Platform repository initialization has completed.
10:48:49 INFO  : Registering command handlers for Vitis TCF services
10:48:51 INFO  : XSCT server has started successfully.
10:48:51 INFO  : Successfully done setting XSCT server connection channel  
10:48:51 INFO  : plnx-install-location is set to ''
10:48:51 INFO  : Successfully done setting workspace for the tool. 
10:48:51 INFO  : Successfully done query RDI_DATADIR 
10:49:41 INFO  : Result from executing command 'getProjects': rtos_sys_wrapper
10:49:41 INFO  : Result from executing command 'getPlatforms': 
10:49:41 WARN  : An unexpected exception occurred in the module 'platform project logging'
10:49:41 INFO  : Platform 'rtos_sys_wrapper' is added to custom repositories.
10:49:48 INFO  : Platform 'rtos_sys_wrapper' is added to custom repositories.
11:01:17 DEBUG : Logs will be stored at '/home/ej3b/readoutsys/IDE.log'.
11:01:17 INFO  : Launching XSCT server: xsct -n  -interactive /home/ej3b/readoutsys/temp_xsdb_launch_script.tcl
11:01:17 INFO  : Platform repository initialization has completed.
11:01:18 INFO  : Registering command handlers for Vitis TCF services
11:01:19 INFO  : XSCT server has started successfully.
11:01:19 INFO  : plnx-install-location is set to ''
11:01:19 INFO  : Successfully done setting XSCT server connection channel  
11:01:19 INFO  : Successfully done setting workspace for the tool. 
11:01:19 INFO  : Successfully done query RDI_DATADIR 
11:02:25 ERROR : Failed to update hardware specification for project 'rtos_sys_wrapper'.
Reason: Failed to execute command 'platform config -updatehw {/home/ej3b/readoutsys/rtos_sys/rtos_sys_wrapper.xsa}'. Click on details for more information.
11:07:53 DEBUG : Logs will be stored at '/home/ej3b/readoutsys/IDE.log'.
11:07:53 INFO  : Launching XSCT server: xsct -n  -interactive /home/ej3b/readoutsys/temp_xsdb_launch_script.tcl
11:07:54 INFO  : Platform repository initialization has completed.
11:07:54 INFO  : Registering command handlers for Vitis TCF services
11:07:55 INFO  : XSCT server has started successfully.
11:07:55 INFO  : Successfully done setting XSCT server connection channel  
11:07:55 INFO  : plnx-install-location is set to ''
11:07:55 INFO  : Successfully done query RDI_DATADIR 
11:07:55 INFO  : Successfully done setting workspace for the tool. 
11:08:14 WARN  : An unexpected exception occurred in the module 'platform project logging'
11:09:29 INFO  : Result from executing command 'getProjects': rtos_sys_wrapper
11:09:29 INFO  : Result from executing command 'getPlatforms': 
11:09:29 WARN  : An unexpected exception occurred in the module 'platform project logging'
11:09:29 INFO  : Platform 'rtos_sys_wrapper' is added to custom repositories.
11:09:35 INFO  : Platform 'rtos_sys_wrapper' is added to custom repositories.
11:09:58 INFO  : Result from executing command 'getProjects': rtos_sys_wrapper
11:09:58 INFO  : Result from executing command 'getPlatforms': rtos_sys_wrapper|/home/ej3b/readoutsys/rtos_sys_wrapper/export/rtos_sys_wrapper/rtos_sys_wrapper.xpfm
11:10:04 INFO  : Checking for BSP changes to sync application flags for project 'read-out'...
11:14:44 INFO  : Checking for BSP changes to sync application flags for project 'read-out'...
11:15:11 INFO  : Connected to target on host '127.0.0.1' and port '3121'.
11:15:29 INFO  : ----------------XSDB Script----------------
connect -url tcp:127.0.0.1:3121
----------------End of Script----------------

11:15:29 ERROR : Could not find ARM device on the board for connection 'Local'.
Check if the target is in:
1. Split JTAG - No operations are possible with ARM DAP.
2. Non JTAG bootmode - Bootrom may need time to enable DAP.
Please try again.


Troubleshooting hints:
1. Check whether board is connected to system properly.
2. In case of zynq board, check whether Digilent/Xilinx cable switch settings are correct.
3. If you are using Xilinx Platform Cable USB, ensure that status LED is green.
11:16:09 INFO  : Connected to target on host '127.0.0.1' and port '3121'.
11:16:27 INFO  : ----------------XSDB Script----------------
connect -url tcp:127.0.0.1:3121
----------------End of Script----------------

11:16:27 ERROR : Could not find ARM device on the board for connection 'Local'.
Check if the target is in:
1. Split JTAG - No operations are possible with ARM DAP.
2. Non JTAG bootmode - Bootrom may need time to enable DAP.
Please try again.


Troubleshooting hints:
1. Check whether board is connected to system properly.
2. In case of zynq board, check whether Digilent/Xilinx cable switch settings are correct.
3. If you are using Xilinx Platform Cable USB, ensure that status LED is green.
11:16:53 INFO  : Connected to target on host '127.0.0.1' and port '3121'.
11:17:11 INFO  : ----------------XSDB Script----------------
connect -url tcp:127.0.0.1:3121
----------------End of Script----------------

11:17:11 ERROR : Could not find ARM device on the board for connection 'Local'.
Check if the target is in:
1. Split JTAG - No operations are possible with ARM DAP.
2. Non JTAG bootmode - Bootrom may need time to enable DAP.
Please try again.


Troubleshooting hints:
1. Check whether board is connected to system properly.
2. In case of zynq board, check whether Digilent/Xilinx cable switch settings are correct.
3. If you are using Xilinx Platform Cable USB, ensure that status LED is green.
